# JRE version: Java(TM) SE Runtime Environment (8.0_65-b17) (build 1.8.0_65-b17)
# Java VM: Java HotSpot(TM) Client VM (25.65-b01 mixed mode windows-x86 )
Heap:
 def new generation   total 5120K, used 4162K [0x05600000, 0x05b80000, 0x0ab50000)
  eden space 4608K,  90% used [0x05600000, 0x05a109f8, 0x05a80000)
  from space 512K,   0% used [0x05a80000, 0x05a80000, 0x05b00000)
  to   space 512K,   0% used [0x05b00000, 0x05b00000, 0x05b80000)
 tenured generation   total 11200K, used 10001K [0x0ab50000, 0x0b640000, 0x15600000)
   the space 11200K,  89% used [0x0ab50000, 0x0b5144a0, 0x0b514600, 0x0b640000)
 Metaspace       used 18534K, capacity 19461K, committed 19584K, reserved 20864K
GC Heap History (10 events):
Event: 2.129 GC heap before
{Heap before GC invocations=59 (full 1):
 def new generation   total 4992K, used 4991K [0x05600000, 0x05b60000, 0x0ab50000)
  eden space 4480K, 100% used [0x05600000, 0x05a60000, 0x05a60000)
  from space 512K,  99% used [0x05a60000, 0x05adff60, 0x05ae0000)
  to   space 512K,   0% used [0x05ae0000, 0x05ae0000, 0x05b60000)
 tenured generation   total 10944K, used 9862K [0x0ab50000, 0x0b600000, 0x15600000)
   the space 10944K,  90% used [0x0ab50000, 0x0b4f1940, 0x0b4f1a00, 0x0b600000)
 Metaspace       used 16950K, capacity 17828K, committed 17920K, reserved 18816K
Event: 2.131 GC heap after
Heap after GC invocations=60 (full 1):
 def new generation   total 4992K, used 398K [0x05600000, 0x05b60000, 0x0ab50000)
  eden space 4480K,   0% used [0x05600000, 0x05600000, 0x05a60000)
  from space 512K,  77% used [0x05ae0000, 0x05b43bb8, 0x05b60000)
  to   space 512K,   0% used [0x05a60000, 0x05a60000, 0x05ae0000)
 tenured generation   total 10944K, used 10111K [0x0ab50000, 0x0b600000, 0x15600000)
   the space 10944K,  92% used [0x0ab50000, 0x0b52fcc8, 0x0b52fe00, 0x0b600000)
 Metaspace       used 16950K, capacity 17828K, committed 17920K, reserved 18816K
}
Event: 2.176 GC heap before
{Heap before GC invocations=60 (full 1):
 def new generation   total 4992K, used 4878K [0x05600000, 0x05b60000, 0x0ab50000)
  eden space 4480K, 100% used [0x05600000, 0x05a60000, 0x05a60000)
  from space 512K,  77% used [0x05ae0000, 0x05b43bb8, 0x05b60000)
  to   space 512K,   0% used [0x05a60000, 0x05a60000, 0x05ae0000)
 tenured generation   total 10944K, used 10111K [0x0ab50000, 0x0b600000, 0x15600000)
   the space 10944K,  92% used [0x0ab50000, 0x0b52fcc8, 0x0b52fe00, 0x0b600000)
 Metaspace       used 17154K, capacity 18057K, committed 18176K, reserved 18816K
Event: 2.178 GC heap after
Heap after GC invocations=61 (full 1):
 def new generation   total 4992K, used 476K [0x05600000, 0x05b60000, 0x0ab50000)
  eden space 4480K,   0% used [0x05600000, 0x05600000, 0x05a60000)
  from space 512K,  93% used [0x05a60000, 0x05ad70d0, 0x05ae0000)
  to   space 512K,   0% used [0x05ae0000, 0x05ae0000, 0x05b60000)
 tenured generation   total 10944K, used 10374K [0x0ab50000, 0x0b600000, 0x15600000)
   the space 10944K,  94% used [0x0ab50000, 0x0b571ab8, 0x0b571c00, 0x0b600000)
 Metaspace       used 17154K, capacity 18057K, committed 18176K, reserved 18816K
}
Event: 2.203 GC heap before
{Heap before GC invocations=61 (full 1):
 def new generation   total 4992K, used 4956K [0x05600000, 0x05b60000, 0x0ab50000)
  eden space 4480K, 100% used [0x05600000, 0x05a60000, 0x05a60000)
  from space 512K,  93% used [0x05a60000, 0x05ad70d0, 0x05ae0000)
  to   space 512K,   0% used [0x05ae0000, 0x05ae0000, 0x05b60000)
 tenured generation   total 10944K, used 10374K [0x0ab50000, 0x0b600000, 0x15600000)
   the space 10944K,  94% used [0x0ab50000, 0x0b571ab8, 0x0b571c00, 0x0b600000)
 Metaspace       used 17404K, capacity 18316K, committed 18432K, reserved 18816K
Event: 2.205 GC heap after
Heap after GC invocations=62 (full 1):
 def new generation   total 4992K, used 499K [0x05600000, 0x05b60000, 0x0ab50000)
  eden space 4480K,   0% used [0x05600000, 0x05600000, 0x05a60000)
  from space 512K,  97% used [0x05ae0000, 0x05b5cf70, 0x05b60000)
  to   space 512K,   0% used [0x05a60000, 0x05a60000, 0x05ae0000)
 tenured generation   total 10944K, used 10625K [0x0ab50000, 0x0b600000, 0x15600000)
   the space 10944K,  97% used [0x0ab50000, 0x0b5b06b0, 0x0b5b0800, 0x0b600000)
 Metaspace       used 17404K, capacity 18316K, committed 18432K, reserved 18816K
}
Event: 2.238 GC heap before
{Heap before GC invocations=62 (full 1):
 def new generation   total 4992K, used 4979K [0x05600000, 0x05b60000, 0x0ab50000)
  eden space 4480K, 100% used [0x05600000, 0x05a60000, 0x05a60000)
  from space 512K,  97% used [0x05ae0000, 0x05b5cf70, 0x05b60000)
  to   space 512K,   0% used [0x05a60000, 0x05a60000, 0x05ae0000)
 tenured generation   total 10944K, used 10625K [0x0ab50000, 0x0b600000, 0x15600000)
   the space 10944K,  97% used [0x0ab50000, 0x0b5b06b0, 0x0b5b0800, 0x0b600000)
 Metaspace       used 18074K, capacity 18995K, committed 19072K, reserved 19840K
Event: 2.241 GC heap after
Heap after GC invocations=63 (full 1):
 def new generation   total 4992K, used 511K [0x05600000, 0x05b60000, 0x0ab50000)
  eden space 4480K,   0% used [0x05600000, 0x05600000, 0x05a60000)
  from space 512K,  99% used [0x05a60000, 0x05adffe0, 0x05ae0000)
  to   space 512K,   0% used [0x05ae0000, 0x05ae0000, 0x05b60000)
 tenured generation   total 10944K, used 10887K [0x0ab50000, 0x0b600000, 0x15600000)
   the space 10944K,  99% used [0x0ab50000, 0x0b5f1f80, 0x0b5f2000, 0x0b600000)
 Metaspace       used 18074K, capacity 18995K, committed 19072K, reserved 19840K
}
Event: 2.263 GC heap before
{Heap before GC invocations=63 (full 1):
 def new generation   total 4992K, used 4991K [0x05600000, 0x05b60000, 0x0ab50000)
  eden space 4480K, 100% used [0x05600000, 0x05a60000, 0x05a60000)
  from space 512K,  99% used [0x05a60000, 0x05adffe0, 0x05ae0000)
  to   space 512K,   0% used [0x05ae0000, 0x05ae0000, 0x05b60000)
 tenured generation   total 10944K, used 10887K [0x0ab50000, 0x0b600000, 0x15600000)
   the space 10944K,  99% used [0x0ab50000, 0x0b5f1f80, 0x0b5f2000, 0x0b600000)
 Metaspace       used 18129K, capacity 19027K, committed 19072K, reserved 19840K
Event: 2.290 GC heap after
Heap after GC invocations=64 (full 2):
 def new generation   total 5120K, used 0K [0x05600000, 0x05b80000, 0x0ab50000)
  eden space 4608K,   0% used [0x05600000, 0x05600000, 0x05a80000)
  from space 512K,   0% used [0x05a80000, 0x05a80000, 0x05b00000)
  to   space 512K,   0% used [0x05b00000, 0x05b00000, 0x05b80000)
 tenured generation   total 11200K, used 10001K [0x0ab50000, 0x0b640000, 0x15600000)
   the space 11200K,  89% used [0x0ab50000, 0x0b5144a0, 0x0b514600, 0x0b640000)
 Metaspace       used 18129K, capacity 19027K, committed 19072K, reserved 19840K
}

