# JRE version: Java(TM) SE Runtime Environment (8.0_65-b17) (build 1.8.0_65-b17)
# Java VM: Java HotSpot(TM) Client VM (25.65-b01 mixed mode windows-x86 )
Heap:
 def new generation   total 6912K, used 444K [0x04e00000, 0x05580000, 0x0a350000)
  eden space 6144K,   0% used [0x04e00000, 0x04e00000, 0x05400000)
  from space 768K,  57% used [0x054c0000, 0x0552f3b0, 0x05580000)
  to   space 768K,   0% used [0x05400000, 0x05400000, 0x054c0000)
 tenured generation   total 25708K, used 25703K [0x0a350000, 0x0bc6b000, 0x14e00000)
   the space 25708K,  99% used [0x0a350000, 0x0bc69e80, 0x0bc6a000, 0x0bc6b000)
 Metaspace       used 10806K, capacity 10966K, committed 11008K, reserved 11648K
GC Heap History (10 events):
Event: 5.357 GC heap after
Heap after GC invocations=80 (full 4):
 def new generation   total 6912K, used 496K [0x04e00000, 0x05580000, 0x0a350000)
  eden space 6144K,   0% used [0x04e00000, 0x04e00000, 0x05400000)
  from space 768K,  64% used [0x05400000, 0x0547c330, 0x054c0000)
  to   space 768K,   0% used [0x054c0000, 0x054c0000, 0x05580000)
 tenured generation   total 25452K, used 24881K [0x0a350000, 0x0bc2b000, 0x14e00000)
   the space 25452K,  97% used [0x0a350000, 0x0bb9c5f0, 0x0bb9c600, 0x0bc2b000)
 Metaspace       used 10282K, capacity 10441K, committed 10496K, reserved 10624K
}
Event: 5.544 GC heap before
{Heap before GC invocations=80 (full 4):
 def new generation   total 6912K, used 6640K [0x04e00000, 0x05580000, 0x0a350000)
  eden space 6144K, 100% used [0x04e00000, 0x05400000, 0x05400000)
  from space 768K,  64% used [0x05400000, 0x0547c330, 0x054c0000)
  to   space 768K,   0% used [0x054c0000, 0x054c0000, 0x05580000)
 tenured generation   total 25452K, used 24881K [0x0a350000, 0x0bc2b000, 0x14e00000)
   the space 25452K,  97% used [0x0a350000, 0x0bb9c5f0, 0x0bb9c600, 0x0bc2b000)
 Metaspace       used 10335K, capacity 10473K, committed 10496K, reserved 10624K
Event: 5.546 GC heap after
Heap after GC invocations=81 (full 4):
 def new generation   total 6912K, used 306K [0x04e00000, 0x05580000, 0x0a350000)
  eden space 6144K,   0% used [0x04e00000, 0x04e00000, 0x05400000)
  from space 768K,  39% used [0x054c0000, 0x0550c938, 0x05580000)
  to   space 768K,   0% used [0x05400000, 0x05400000, 0x054c0000)
 tenured generation   total 25452K, used 25113K [0x0a350000, 0x0bc2b000, 0x14e00000)
   the space 25452K,  98% used [0x0a350000, 0x0bbd65a8, 0x0bbd6600, 0x0bc2b000)
 Metaspace       used 10335K, capacity 10473K, committed 10496K, reserved 10624K
}
Event: 5.605 GC heap before
{Heap before GC invocations=81 (full 4):
 def new generation   total 6912K, used 6450K [0x04e00000, 0x05580000, 0x0a350000)
  eden space 6144K, 100% used [0x04e00000, 0x05400000, 0x05400000)
  from space 768K,  39% used [0x054c0000, 0x0550c938, 0x05580000)
  to   space 768K,   0% used [0x05400000, 0x05400000, 0x054c0000)
 tenured generation   total 25452K, used 25113K [0x0a350000, 0x0bc2b000, 0x14e00000)
   the space 25452K,  98% used [0x0a350000, 0x0bbd65a8, 0x0bbd6600, 0x0bc2b000)
 Metaspace       used 10335K, capacity 10473K, committed 10496K, reserved 10624K
Event: 5.608 GC heap after
Heap after GC invocations=82 (full 4):
 def new generation   total 6912K, used 218K [0x04e00000, 0x05580000, 0x0a350000)
  eden space 6144K,   0% used [0x04e00000, 0x04e00000, 0x05400000)
  from space 768K,  28% used [0x05400000, 0x054368e8, 0x054c0000)
  to   space 768K,   0% used [0x054c0000, 0x054c0000, 0x05580000)
 tenured generation   total 25452K, used 25113K [0x0a350000, 0x0bc2b000, 0x14e00000)
   the space 25452K,  98% used [0x0a350000, 0x0bbd65a8, 0x0bbd6600, 0x0bc2b000)
 Metaspace       used 10335K, capacity 10473K, committed 10496K, reserved 10624K
}
Event: 5.709 GC heap before
{Heap before GC invocations=82 (full 4):
 def new generation   total 6912K, used 6360K [0x04e00000, 0x05580000, 0x0a350000)
  eden space 6144K,  99% used [0x04e00000, 0x053ff768, 0x05400000)
  from space 768K,  28% used [0x05400000, 0x054368e8, 0x054c0000)
  to   space 768K,   0% used [0x054c0000, 0x054c0000, 0x05580000)
 tenured generation   total 25452K, used 25113K [0x0a350000, 0x0bc2b000, 0x14e00000)
   the space 25452K,  98% used [0x0a350000, 0x0bbd65a8, 0x0bbd6600, 0x0bc2b000)
 Metaspace       used 10422K, capacity 10577K, committed 10624K, reserved 10624K
Event: 5.712 GC heap after
Heap after GC invocations=83 (full 4):
 def new generation   total 6912K, used 473K [0x04e00000, 0x05580000, 0x0a350000)
  eden space 6144K,   0% used [0x04e00000, 0x04e00000, 0x05400000)
  from space 768K,  61% used [0x054c0000, 0x05536438, 0x05580000)
  to   space 768K,   0% used [0x05400000, 0x05400000, 0x054c0000)
 tenured generation   total 25452K, used 25113K [0x0a350000, 0x0bc2b000, 0x14e00000)
   the space 25452K,  98% used [0x0a350000, 0x0bbd65a8, 0x0bbd6600, 0x0bc2b000)
 Metaspace       used 10422K, capacity 10577K, committed 10624K, reserved 10624K
}
Event: 5.772 GC heap before
{Heap before GC invocations=83 (full 4):
 def new generation   total 6912K, used 6617K [0x04e00000, 0x05580000, 0x0a350000)
  eden space 6144K, 100% used [0x04e00000, 0x05400000, 0x05400000)
  from space 768K,  61% used [0x054c0000, 0x05536438, 0x05580000)
  to   space 768K,   0% used [0x05400000, 0x05400000, 0x054c0000)
 tenured generation   total 25452K, used 25113K [0x0a350000, 0x0bc2b000, 0x14e00000)
   the space 25452K,  98% used [0x0a350000, 0x0bbd65a8, 0x0bbd6600, 0x0bc2b000)
 Metaspace       used 10643K, capacity 10804K, committed 10880K, reserved 11648K
Event: 5.776 GC heap after
Heap after GC invocations=84 (full 4):
 def new generation   total 6912K, used 768K [0x04e00000, 0x05580000, 0x0a350000)
  eden space 6144K,   0% used [0x04e00000, 0x04e00000, 0x05400000)
  from space 768K, 100% used [0x05400000, 0x054c0000, 0x054c0000)
  to   space 768K,   0% used [0x054c0000, 0x054c0000, 0x05580000)
 tenured generation   total 25452K, used 25313K [0x0a350000, 0x0bc2b000, 0x14e00000)
   the space 25452K,  99% used [0x0a350000, 0x0bc085d0, 0x0bc08600, 0x0bc2b000)
 Metaspace       used 10643K, capacity 10804K, committed 10880K, reserved 11648K
}
Event: 5.838 GC heap before
{Heap before GC invocations=84 (full 4):
 def new generation   total 6912K, used 6912K [0x04e00000, 0x05580000, 0x0a350000)
  eden space 6144K, 100% used [0x04e00000, 0x05400000, 0x05400000)
  from space 768K, 100% used [0x05400000, 0x054c0000, 0x054c0000)
  to   space 768K,   0% used [0x054c0000, 0x054c0000, 0x05580000)
 tenured generation   total 25452K, used 25313K [0x0a350000, 0x0bc2b000, 0x14e00000)
   the space 25452K,  99% used [0x0a350000, 0x0bc085d0, 0x0bc08600, 0x0bc2b000)
 Metaspace       used 10806K, capacity 10966K, committed 11008K, reserved 11648K

