# JRE version: Java(TM) SE Runtime Environment (8.0_65-b17) (build 1.8.0_65-b17)
# Java VM: Java HotSpot(TM) Client VM (25.65-b01 mixed mode windows-x86 )
Heap:
 def new generation   total 8576K, used 8576K [0x04e00000, 0x05740000, 0x0a350000)
  eden space 7680K, 100% used [0x04e00000, 0x05580000, 0x05580000)
  from space 896K, 100% used [0x05580000, 0x05660000, 0x05660000)
  to   space 896K, 100% used [0x05660000, 0x05740000, 0x05740000)
 tenured generation   total 20080K, used 19979K [0x0a350000, 0x0b6ec000, 0x14e00000)
   the space 20080K,  99% used [0x0a350000, 0x0b6d2d58, 0x0b6d2e00, 0x0b6ec000)
 Metaspace       used 30560K, capacity 31959K, committed 32000K, reserved 33152K
GC Heap History (10 events):
Event: 4.720 GC heap after
Heap after GC invocations=131 (full 7):
 def new generation   total 8512K, used 124K [0x04e00000, 0x05730000, 0x0a350000)
  eden space 7616K,   1% used [0x04e00000, 0x04e1f158, 0x05570000)
  from space 896K,   0% used [0x05570000, 0x05570000, 0x05650000)
  to   space 896K,   0% used [0x05650000, 0x05650000, 0x05730000)
 tenured generation   total 18752K, used 18751K [0x0a350000, 0x0b5a0000, 0x14e00000)
   the space 18752K,  99% used [0x0a350000, 0x0b59ffd0, 0x0b5a0000, 0x0b5a0000)
 Metaspace       used 29724K, capacity 31153K, committed 31232K, reserved 32128K
}
Event: 4.742 GC heap before
{Heap before GC invocations=131 (full 7):
 def new generation   total 8512K, used 7616K [0x04e00000, 0x05730000, 0x0a350000)
  eden space 7616K, 100% used [0x04e00000, 0x05570000, 0x05570000)
  from space 896K,   0% used [0x05570000, 0x05570000, 0x05650000)
  to   space 896K,   0% used [0x05650000, 0x05650000, 0x05730000)
 tenured generation   total 18752K, used 18751K [0x0a350000, 0x0b5a0000, 0x14e00000)
   the space 18752K,  99% used [0x0a350000, 0x0b59ffd0, 0x0b5a0000, 0x0b5a0000)
 Metaspace       used 29753K, capacity 31193K, committed 31232K, reserved 32128K
Event: 4.815 GC heap after
Heap after GC invocations=132 (full 8):
 def new generation   total 8576K, used 0K [0x04e00000, 0x05740000, 0x0a350000)
  eden space 7680K,   0% used [0x04e00000, 0x04e00000, 0x05580000)
  from space 896K,   0% used [0x05580000, 0x05580000, 0x05660000)
  to   space 896K,   0% used [0x05660000, 0x05660000, 0x05740000)
 tenured generation   total 18880K, used 17873K [0x0a350000, 0x0b5c0000, 0x14e00000)
   the space 18880K,  94% used [0x0a350000, 0x0b4c46e8, 0x0b4c4800, 0x0b5c0000)
 Metaspace       used 29751K, capacity 31190K, committed 31232K, reserved 32128K
}
Event: 4.832 GC heap before
{Heap before GC invocations=132 (full 8):
 def new generation   total 8576K, used 7666K [0x04e00000, 0x05740000, 0x0a350000)
  eden space 7680K,  99% used [0x04e00000, 0x0557c858, 0x05580000)
  from space 896K,   0% used [0x05580000, 0x05580000, 0x05660000)
  to   space 896K,   0% used [0x05660000, 0x05660000, 0x05740000)
 tenured generation   total 18880K, used 17873K [0x0a350000, 0x0b5c0000, 0x14e00000)
   the space 18880K,  94% used [0x0a350000, 0x0b4c46e8, 0x0b4c4800, 0x0b5c0000)
 Metaspace       used 29772K, capacity 31193K, committed 31232K, reserved 32128K
Event: 4.834 GC heap after
Heap after GC invocations=133 (full 8):
 def new generation   total 8576K, used 391K [0x04e00000, 0x05740000, 0x0a350000)
  eden space 7680K,   0% used [0x04e00000, 0x04e00000, 0x05580000)
  from space 896K,  43% used [0x05660000, 0x056c1f58, 0x05740000)
  to   space 896K,   0% used [0x05580000, 0x05580000, 0x05660000)
 tenured generation   total 18880K, used 17873K [0x0a350000, 0x0b5c0000, 0x14e00000)
   the space 18880K,  94% used [0x0a350000, 0x0b4c46e8, 0x0b4c4800, 0x0b5c0000)
 Metaspace       used 29772K, capacity 31193K, committed 31232K, reserved 32128K
}
Event: 4.870 GC heap before
{Heap before GC invocations=133 (full 8):
 def new generation   total 8576K, used 8071K [0x04e00000, 0x05740000, 0x0a350000)
  eden space 7680K, 100% used [0x04e00000, 0x05580000, 0x05580000)
  from space 896K,  43% used [0x05660000, 0x056c1f58, 0x05740000)
  to   space 896K,   0% used [0x05580000, 0x05580000, 0x05660000)
 tenured generation   total 18880K, used 17873K [0x0a350000, 0x0b5c0000, 0x14e00000)
   the space 18880K,  94% used [0x0a350000, 0x0b4c46e8, 0x0b4c4800, 0x0b5c0000)
 Metaspace       used 29854K, capacity 31292K, committed 31360K, reserved 32128K
Event: 4.872 GC heap after
Heap after GC invocations=134 (full 8):
 def new generation   total 8576K, used 562K [0x04e00000, 0x05740000, 0x0a350000)
  eden space 7680K,   0% used [0x04e00000, 0x04e00000, 0x05580000)
  from space 896K,  62% used [0x05580000, 0x0560cb90, 0x05660000)
  to   space 896K,   0% used [0x05660000, 0x05660000, 0x05740000)
 tenured generation   total 18880K, used 17873K [0x0a350000, 0x0b5c0000, 0x14e00000)
   the space 18880K,  94% used [0x0a350000, 0x0b4c46e8, 0x0b4c4800, 0x0b5c0000)
 Metaspace       used 29854K, capacity 31292K, committed 31360K, reserved 32128K
}
Event: 4.931 GC heap before
{Heap before GC invocations=134 (full 8):
 def new generation   total 8576K, used 8242K [0x04e00000, 0x05740000, 0x0a350000)
  eden space 7680K, 100% used [0x04e00000, 0x05580000, 0x05580000)
  from space 896K,  62% used [0x05580000, 0x0560cb90, 0x05660000)
  to   space 896K,   0% used [0x05660000, 0x05660000, 0x05740000)
 tenured generation   total 18880K, used 17873K [0x0a350000, 0x0b5c0000, 0x14e00000)
   the space 18880K,  94% used [0x0a350000, 0x0b4c46e8, 0x0b4c4800, 0x0b5c0000)
 Metaspace       used 30183K, capacity 31605K, committed 31616K, reserved 32128K
Event: 4.936 GC heap after
Heap after GC invocations=135 (full 8):
 def new generation   total 8576K, used 896K [0x04e00000, 0x05740000, 0x0a350000)
  eden space 7680K,   0% used [0x04e00000, 0x04e00000, 0x05580000)
  from space 896K, 100% used [0x05660000, 0x05740000, 0x05740000)
  to   space 896K,   0% used [0x05580000, 0x05580000, 0x05660000)
 tenured generation   total 18880K, used 18669K [0x0a350000, 0x0b5c0000, 0x14e00000)
   the space 18880K,  98% used [0x0a350000, 0x0b58b5c0, 0x0b58b600, 0x0b5c0000)
 Metaspace       used 30183K, capacity 31605K, committed 31616K, reserved 32128K
}
Event: 4.991 GC heap before
{Heap before GC invocations=135 (full 8):
 def new generation   total 8576K, used 8576K [0x04e00000, 0x05740000, 0x0a350000)
  eden space 7680K, 100% used [0x04e00000, 0x05580000, 0x05580000)
  from space 896K, 100% used [0x05660000, 0x05740000, 0x05740000)
  to   space 896K,   0% used [0x05580000, 0x05580000, 0x05660000)
 tenured generation   total 18880K, used 18669K [0x0a350000, 0x0b5c0000, 0x14e00000)
   the space 18880K,  98% used [0x0a350000, 0x0b58b5c0, 0x0b58b600, 0x0b5c0000)
 Metaspace       used 30560K, capacity 31959K, committed 32000K, reserved 33152K

