# JRE version: Java(TM) SE Runtime Environment (8.0_65-b17) (build 1.8.0_65-b17)
# Java VM: Java HotSpot(TM) Client VM (25.65-b01 mixed mode windows-x86 )
Heap:
 def new generation   total 7808K, used 1483K [0x05200000, 0x05a70000, 0x0a750000)
  eden space 6976K,   9% used [0x05200000, 0x052a2ed0, 0x058d0000)
  from space 832K,  99% used [0x058d0000, 0x0599fff8, 0x059a0000)
  to   space 832K,   0% used [0x059a0000, 0x059a0000, 0x05a70000)
 tenured generation   total 18032K, used 17749K [0x0a750000, 0x0b8ec000, 0x15200000)
   the space 18032K,  98% used [0x0a750000, 0x0b8a5660, 0x0b8a5800, 0x0b8ec000)
 Metaspace       used 29721K, capacity 31157K, committed 31232K, reserved 32128K
GC Heap History (10 events):
Event: 3.661 GC heap before
{Heap before GC invocations=123 (full 2):
 def new generation   total 7744K, used 7699K [0x05200000, 0x05a60000, 0x0a750000)
  eden space 6912K, 100% used [0x05200000, 0x058c0000, 0x058c0000)
  from space 832K,  94% used [0x058c0000, 0x05984e80, 0x05990000)
  to   space 832K,   0% used [0x05990000, 0x05990000, 0x05a60000)
 tenured generation   total 17008K, used 16014K [0x0a750000, 0x0b7ec000, 0x15200000)
   the space 17008K,  94% used [0x0a750000, 0x0b6f3838, 0x0b6f3a00, 0x0b7ec000)
 Metaspace       used 27450K, capacity 28791K, committed 28800K, reserved 29056K
Event: 3.664 GC heap after
Heap after GC invocations=124 (full 2):
 def new generation   total 7744K, used 663K [0x05200000, 0x05a60000, 0x0a750000)
  eden space 6912K,   0% used [0x05200000, 0x05200000, 0x058c0000)
  from space 832K,  79% used [0x05990000, 0x05a35fc8, 0x05a60000)
  to   space 832K,   0% used [0x058c0000, 0x058c0000, 0x05990000)
 tenured generation   total 17008K, used 16388K [0x0a750000, 0x0b7ec000, 0x15200000)
   the space 17008K,  96% used [0x0a750000, 0x0b7511f0, 0x0b751200, 0x0b7ec000)
 Metaspace       used 27450K, capacity 28791K, committed 28800K, reserved 29056K
}
Event: 3.698 GC heap before
{Heap before GC invocations=124 (full 2):
 def new generation   total 7744K, used 7575K [0x05200000, 0x05a60000, 0x0a750000)
  eden space 6912K, 100% used [0x05200000, 0x058c0000, 0x058c0000)
  from space 832K,  79% used [0x05990000, 0x05a35fc8, 0x05a60000)
  to   space 832K,   0% used [0x058c0000, 0x058c0000, 0x05990000)
 tenured generation   total 17008K, used 16388K [0x0a750000, 0x0b7ec000, 0x15200000)
   the space 17008K,  96% used [0x0a750000, 0x0b7511f0, 0x0b751200, 0x0b7ec000)
 Metaspace       used 27780K, capacity 29153K, committed 29184K, reserved 30080K
Event: 3.700 GC heap after
Heap after GC invocations=125 (full 2):
 def new generation   total 7744K, used 350K [0x05200000, 0x05a60000, 0x0a750000)
  eden space 6912K,   0% used [0x05200000, 0x05200000, 0x058c0000)
  from space 832K,  42% used [0x058c0000, 0x05917968, 0x05990000)
  to   space 832K,   0% used [0x05990000, 0x05990000, 0x05a60000)
 tenured generation   total 17008K, used 16682K [0x0a750000, 0x0b7ec000, 0x15200000)
   the space 17008K,  98% used [0x0a750000, 0x0b79ab30, 0x0b79ac00, 0x0b7ec000)
 Metaspace       used 27780K, capacity 29153K, committed 29184K, reserved 30080K
}
Event: 3.743 GC heap before
{Heap before GC invocations=125 (full 2):
 def new generation   total 7744K, used 7262K [0x05200000, 0x05a60000, 0x0a750000)
  eden space 6912K, 100% used [0x05200000, 0x058c0000, 0x058c0000)
  from space 832K,  42% used [0x058c0000, 0x05917968, 0x05990000)
  to   space 832K,   0% used [0x05990000, 0x05990000, 0x05a60000)
 tenured generation   total 17008K, used 16682K [0x0a750000, 0x0b7ec000, 0x15200000)
   the space 17008K,  98% used [0x0a750000, 0x0b79ab30, 0x0b79ac00, 0x0b7ec000)
 Metaspace       used 28159K, capacity 29535K, committed 29568K, reserved 30080K
Event: 3.746 GC heap after
Heap after GC invocations=126 (full 2):
 def new generation   total 7744K, used 831K [0x05200000, 0x05a60000, 0x0a750000)
  eden space 6912K,   0% used [0x05200000, 0x05200000, 0x058c0000)
  from space 832K,  99% used [0x05990000, 0x05a5fe68, 0x05a60000)
  to   space 832K,   0% used [0x058c0000, 0x058c0000, 0x05990000)
 tenured generation   total 17008K, used 16725K [0x0a750000, 0x0b7ec000, 0x15200000)
   the space 17008K,  98% used [0x0a750000, 0x0b7a5628, 0x0b7a5800, 0x0b7ec000)
 Metaspace       used 28159K, capacity 29535K, committed 29568K, reserved 30080K
}
Event: 3.791 GC heap before
{Heap before GC invocations=126 (full 2):
 def new generation   total 7744K, used 7743K [0x05200000, 0x05a60000, 0x0a750000)
  eden space 6912K, 100% used [0x05200000, 0x058c0000, 0x058c0000)
  from space 832K,  99% used [0x05990000, 0x05a5fe68, 0x05a60000)
  to   space 832K,   0% used [0x058c0000, 0x058c0000, 0x05990000)
 tenured generation   total 17008K, used 16725K [0x0a750000, 0x0b7ec000, 0x15200000)
   the space 17008K,  98% used [0x0a750000, 0x0b7a5628, 0x0b7a5800, 0x0b7ec000)
 Metaspace       used 28650K, capacity 30033K, committed 30080K, reserved 30080K
Event: 3.833 GC heap after
Heap after GC invocations=127 (full 3):
 def new generation   total 7808K, used 331K [0x05200000, 0x05a70000, 0x0a750000)
  eden space 6976K,   4% used [0x05200000, 0x05252f60, 0x058d0000)
  from space 832K,   0% used [0x058d0000, 0x058d0000, 0x059a0000)
  to   space 832K,   0% used [0x059a0000, 0x059a0000, 0x05a70000)
 tenured generation   total 17136K, used 17130K [0x0a750000, 0x0b80c000, 0x15200000)
   the space 17136K,  99% used [0x0a750000, 0x0b80aae8, 0x0b80ac00, 0x0b80c000)
 Metaspace       used 28646K, capacity 30028K, committed 30080K, reserved 30080K
}
Event: 3.889 GC heap before
{Heap before GC invocations=127 (full 3):
 def new generation   total 7808K, used 6976K [0x05200000, 0x05a70000, 0x0a750000)
  eden space 6976K, 100% used [0x05200000, 0x058d0000, 0x058d0000)
  from space 832K,   0% used [0x058d0000, 0x058d0000, 0x059a0000)
  to   space 832K,   0% used [0x059a0000, 0x059a0000, 0x05a70000)
 tenured generation   total 17136K, used 17130K [0x0a750000, 0x0b80c000, 0x15200000)
   the space 17136K,  99% used [0x0a750000, 0x0b80aae8, 0x0b80ac00, 0x0b80c000)
 Metaspace       used 29209K, capacity 30579K, committed 30592K, reserved 31104K
Event: 3.942 GC heap after
Heap after GC invocations=128 (full 4):
 def new generation   total 7808K, used 0K [0x05200000, 0x05a70000, 0x0a750000)
  eden space 6976K,   0% used [0x05200000, 0x05200000, 0x058d0000)
  from space 832K,   0% used [0x059a0000, 0x059a0000, 0x05a70000)
  to   space 832K,   0% used [0x058d0000, 0x058d0000, 0x059a0000)
 tenured generation   total 18032K, used 17491K [0x0a750000, 0x0b8ec000, 0x15200000)
   the space 18032K,  97% used [0x0a750000, 0x0b864d50, 0x0b864e00, 0x0b8ec000)
 Metaspace       used 29209K, capacity 30579K, committed 30592K, reserved 31104K
}

