# JRE version: Java(TM) SE Runtime Environment (8.0_65-b17) (build 1.8.0_65-b17)
# Java VM: Java HotSpot(TM) Client VM (25.65-b01 mixed mode windows-x86 )
Heap:
 def new generation   total 4992K, used 1326K [0x05000000, 0x05560000, 0x0a550000)
  eden space 4480K,  18% used [0x05000000, 0x050cb958, 0x05460000)
  from space 512K,  99% used [0x05460000, 0x054dffd8, 0x054e0000)
  to   space 512K,   0% used [0x054e0000, 0x054e0000, 0x05560000)
 tenured generation   total 10944K, used 7799K [0x0a550000, 0x0b000000, 0x15000000)
   the space 10944K,  71% used [0x0a550000, 0x0acede68, 0x0acee000, 0x0b000000)
 Metaspace       used 15142K, capacity 15843K, committed 15872K, reserved 17792K
GC Heap History (10 events):
Event: 1.613 GC heap before
{Heap before GC invocations=47 (full 1):
 def new generation   total 4992K, used 4980K [0x05000000, 0x05560000, 0x0a550000)
  eden space 4480K, 100% used [0x05000000, 0x05460000, 0x05460000)
  from space 512K,  97% used [0x054e0000, 0x0555d140, 0x05560000)
  to   space 512K,   0% used [0x05460000, 0x05460000, 0x054e0000)
 tenured generation   total 10944K, used 7161K [0x0a550000, 0x0b000000, 0x15000000)
   the space 10944K,  65% used [0x0a550000, 0x0ac4e680, 0x0ac4e800, 0x0b000000)
 Metaspace       used 14593K, capacity 15281K, committed 15360K, reserved 15744K
Event: 1.616 GC heap after
Heap after GC invocations=48 (full 1):
 def new generation   total 4992K, used 387K [0x05000000, 0x05560000, 0x0a550000)
  eden space 4480K,   0% used [0x05000000, 0x05000000, 0x05460000)
  from space 512K,  75% used [0x05460000, 0x054c0c98, 0x054e0000)
  to   space 512K,   0% used [0x054e0000, 0x054e0000, 0x05560000)
 tenured generation   total 10944K, used 7249K [0x0a550000, 0x0b000000, 0x15000000)
   the space 10944K,  66% used [0x0a550000, 0x0ac64780, 0x0ac64800, 0x0b000000)
 Metaspace       used 14593K, capacity 15281K, committed 15360K, reserved 15744K
}
Event: 1.644 GC heap before
{Heap before GC invocations=48 (full 1):
 def new generation   total 4992K, used 4867K [0x05000000, 0x05560000, 0x0a550000)
  eden space 4480K, 100% used [0x05000000, 0x05460000, 0x05460000)
  from space 512K,  75% used [0x05460000, 0x054c0c98, 0x054e0000)
  to   space 512K,   0% used [0x054e0000, 0x054e0000, 0x05560000)
 tenured generation   total 10944K, used 7249K [0x0a550000, 0x0b000000, 0x15000000)
   the space 10944K,  66% used [0x0a550000, 0x0ac64780, 0x0ac64800, 0x0b000000)
 Metaspace       used 14684K, capacity 15385K, committed 15488K, reserved 15744K
Event: 1.646 GC heap after
Heap after GC invocations=49 (full 1):
 def new generation   total 4992K, used 309K [0x05000000, 0x05560000, 0x0a550000)
  eden space 4480K,   0% used [0x05000000, 0x05000000, 0x05460000)
  from space 512K,  60% used [0x054e0000, 0x0552d578, 0x05560000)
  to   space 512K,   0% used [0x05460000, 0x05460000, 0x054e0000)
 tenured generation   total 10944K, used 7384K [0x0a550000, 0x0b000000, 0x15000000)
   the space 10944K,  67% used [0x0a550000, 0x0ac86100, 0x0ac86200, 0x0b000000)
 Metaspace       used 14684K, capacity 15385K, committed 15488K, reserved 15744K
}
Event: 1.673 GC heap before
{Heap before GC invocations=49 (full 1):
 def new generation   total 4992K, used 4789K [0x05000000, 0x05560000, 0x0a550000)
  eden space 4480K, 100% used [0x05000000, 0x05460000, 0x05460000)
  from space 512K,  60% used [0x054e0000, 0x0552d578, 0x05560000)
  to   space 512K,   0% used [0x05460000, 0x05460000, 0x054e0000)
 tenured generation   total 10944K, used 7384K [0x0a550000, 0x0b000000, 0x15000000)
   the space 10944K,  67% used [0x0a550000, 0x0ac86100, 0x0ac86200, 0x0b000000)
 Metaspace       used 14791K, capacity 15481K, committed 15488K, reserved 15744K
Event: 1.674 GC heap after
Heap after GC invocations=50 (full 1):
 def new generation   total 4992K, used 312K [0x05000000, 0x05560000, 0x0a550000)
  eden space 4480K,   0% used [0x05000000, 0x05000000, 0x05460000)
  from space 512K,  61% used [0x05460000, 0x054ae380, 0x054e0000)
  to   space 512K,   0% used [0x054e0000, 0x054e0000, 0x05560000)
 tenured generation   total 10944K, used 7545K [0x0a550000, 0x0b000000, 0x15000000)
   the space 10944K,  68% used [0x0a550000, 0x0acae5e0, 0x0acae600, 0x0b000000)
 Metaspace       used 14791K, capacity 15481K, committed 15488K, reserved 15744K
}
Event: 1.701 GC heap before
{Heap before GC invocations=50 (full 1):
 def new generation   total 4992K, used 4792K [0x05000000, 0x05560000, 0x0a550000)
  eden space 4480K, 100% used [0x05000000, 0x05460000, 0x05460000)
  from space 512K,  61% used [0x05460000, 0x054ae380, 0x054e0000)
  to   space 512K,   0% used [0x054e0000, 0x054e0000, 0x05560000)
 tenured generation   total 10944K, used 7545K [0x0a550000, 0x0b000000, 0x15000000)
   the space 10944K,  68% used [0x0a550000, 0x0acae5e0, 0x0acae600, 0x0b000000)
 Metaspace       used 14932K, capacity 15643K, committed 15744K, reserved 16768K
Event: 1.702 GC heap after
Heap after GC invocations=51 (full 1):
 def new generation   total 4992K, used 379K [0x05000000, 0x05560000, 0x0a550000)
  eden space 4480K,   0% used [0x05000000, 0x05000000, 0x05460000)
  from space 512K,  74% used [0x054e0000, 0x0553eed0, 0x05560000)
  to   space 512K,   0% used [0x05460000, 0x05460000, 0x054e0000)
 tenured generation   total 10944K, used 7646K [0x0a550000, 0x0b000000, 0x15000000)
   the space 10944K,  69% used [0x0a550000, 0x0acc78d0, 0x0acc7a00, 0x0b000000)
 Metaspace       used 14932K, capacity 15643K, committed 15744K, reserved 16768K
}
Event: 1.732 GC heap before
{Heap before GC invocations=51 (full 1):
 def new generation   total 4992K, used 4859K [0x05000000, 0x05560000, 0x0a550000)
  eden space 4480K, 100% used [0x05000000, 0x05460000, 0x05460000)
  from space 512K,  74% used [0x054e0000, 0x0553eed0, 0x05560000)
  to   space 512K,   0% used [0x05460000, 0x05460000, 0x054e0000)
 tenured generation   total 10944K, used 7646K [0x0a550000, 0x0b000000, 0x15000000)
   the space 10944K,  69% used [0x0a550000, 0x0acc78d0, 0x0acc7a00, 0x0b000000)
 Metaspace       used 15122K, capacity 15843K, committed 15872K, reserved 17792K
Event: 1.734 GC heap after
Heap after GC invocations=52 (full 1):
 def new generation   total 4992K, used 511K [0x05000000, 0x05560000, 0x0a550000)
  eden space 4480K,   0% used [0x05000000, 0x05000000, 0x05460000)
  from space 512K,  99% used [0x05460000, 0x054dffd8, 0x054e0000)
  to   space 512K,   0% used [0x054e0000, 0x054e0000, 0x05560000)
 tenured generation   total 10944K, used 7799K [0x0a550000, 0x0b000000, 0x15000000)
   the space 10944K,  71% used [0x0a550000, 0x0acede68, 0x0acee000, 0x0b000000)
 Metaspace       used 15122K, capacity 15843K, committed 15872K, reserved 17792K
}

