# JRE version: Java(TM) SE Runtime Environment (8.0_65-b17) (build 1.8.0_65-b17)
# Java VM: Java HotSpot(TM) Client VM (25.65-b01 mixed mode windows-x86 )
Heap:
 def new generation   total 5376K, used 1504K [0x04a00000, 0x04fd0000, 0x09f50000)
  eden space 4800K,  21% used [0x04a00000, 0x04b01700, 0x04eb0000)
  from space 576K,  82% used [0x04f40000, 0x04fb6ae0, 0x04fd0000)
  to   space 576K,   0% used [0x04eb0000, 0x04eb0000, 0x04f40000)
 tenured generation   total 11840K, used 11725K [0x09f50000, 0x0aae0000, 0x14a00000)
   the space 11840K,  99% used [0x09f50000, 0x0aac3670, 0x0aac3800, 0x0aae0000)
 Metaspace       used 21960K, capacity 23004K, committed 23040K, reserved 25984K
GC Heap History (10 events):
Event: 2.895 GC heap after
Heap after GC invocations=80 (full 4):
 def new generation   total 5184K, used 366K [0x04a00000, 0x04fa0000, 0x09f50000)
  eden space 4608K,   0% used [0x04a00000, 0x04a00000, 0x04e80000)
  from space 576K,  63% used [0x04e80000, 0x04edb808, 0x04f10000)
  to   space 576K,   0% used [0x04f10000, 0x04f10000, 0x04fa0000)
 tenured generation   total 11456K, used 11339K [0x09f50000, 0x0aa80000, 0x14a00000)
   the space 11456K,  98% used [0x09f50000, 0x0aa62c60, 0x0aa62e00, 0x0aa80000)
 Metaspace       used 21672K, capacity 22710K, committed 22784K, reserved 22912K
}
Event: 2.905 GC heap before
{Heap before GC invocations=80 (full 4):
 def new generation   total 5184K, used 4974K [0x04a00000, 0x04fa0000, 0x09f50000)
  eden space 4608K, 100% used [0x04a00000, 0x04e80000, 0x04e80000)
  from space 576K,  63% used [0x04e80000, 0x04edb808, 0x04f10000)
  to   space 576K,   0% used [0x04f10000, 0x04f10000, 0x04fa0000)
 tenured generation   total 11456K, used 11339K [0x09f50000, 0x0aa80000, 0x14a00000)
   the space 11456K,  98% used [0x09f50000, 0x0aa62c60, 0x0aa62e00, 0x0aa80000)
 Metaspace       used 21695K, capacity 22713K, committed 22784K, reserved 22912K
Event: 2.933 GC heap after
Heap after GC invocations=81 (full 5):
 def new generation   total 5248K, used 139K [0x04a00000, 0x04fb0000, 0x09f50000)
  eden space 4672K,   2% used [0x04a00000, 0x04a22f48, 0x04e90000)
  from space 576K,   0% used [0x04e90000, 0x04e90000, 0x04f20000)
  to   space 576K,   0% used [0x04f20000, 0x04f20000, 0x04fb0000)
 tenured generation   total 11584K, used 11583K [0x09f50000, 0x0aaa0000, 0x14a00000)
   the space 11584K,  99% used [0x09f50000, 0x0aa9ffc8, 0x0aaa0000, 0x0aaa0000)
 Metaspace       used 21685K, capacity 22700K, committed 22784K, reserved 22912K
}
Event: 2.947 GC heap before
{Heap before GC invocations=81 (full 5):
 def new generation   total 5248K, used 4672K [0x04a00000, 0x04fb0000, 0x09f50000)
  eden space 4672K, 100% used [0x04a00000, 0x04e90000, 0x04e90000)
  from space 576K,   0% used [0x04e90000, 0x04e90000, 0x04f20000)
  to   space 576K,   0% used [0x04f20000, 0x04f20000, 0x04fb0000)
 tenured generation   total 11584K, used 11583K [0x09f50000, 0x0aaa0000, 0x14a00000)
   the space 11584K,  99% used [0x09f50000, 0x0aa9ffc8, 0x0aaa0000, 0x0aaa0000)
 Metaspace       used 21741K, capacity 22796K, committed 22912K, reserved 22912K
Event: 2.981 GC heap after
Heap after GC invocations=82 (full 6):
 def new generation   total 5248K, used 304K [0x04a00000, 0x04fb0000, 0x09f50000)
  eden space 4672K,   6% used [0x04a00000, 0x04a4c1d0, 0x04e90000)
  from space 576K,   0% used [0x04f20000, 0x04f20000, 0x04fb0000)
  to   space 576K,   0% used [0x04e90000, 0x04e90000, 0x04f20000)
 tenured generation   total 11584K, used 11583K [0x09f50000, 0x0aaa0000, 0x14a00000)
   the space 11584K,  99% used [0x09f50000, 0x0aa9ffc8, 0x0aaa0000, 0x0aaa0000)
 Metaspace       used 21741K, capacity 22796K, committed 22912K, reserved 22912K
}
Event: 2.996 GC heap before
{Heap before GC invocations=82 (full 6):
 def new generation   total 5248K, used 4669K [0x04a00000, 0x04fb0000, 0x09f50000)
  eden space 4672K,  99% used [0x04a00000, 0x04e8f548, 0x04e90000)
  from space 576K,   0% used [0x04f20000, 0x04f20000, 0x04fb0000)
  to   space 576K,   0% used [0x04e90000, 0x04e90000, 0x04f20000)
 tenured generation   total 11584K, used 11583K [0x09f50000, 0x0aaa0000, 0x14a00000)
   the space 11584K,  99% used [0x09f50000, 0x0aa9ffc8, 0x0aaa0000, 0x0aaa0000)
 Metaspace       used 21787K, capacity 22836K, committed 22912K, reserved 22912K
Event: 3.030 GC heap after
Heap after GC invocations=83 (full 7):
 def new generation   total 5312K, used 306K [0x04a00000, 0x04fc0000, 0x09f50000)
  eden space 4736K,   6% used [0x04a00000, 0x04a4c900, 0x04ea0000)
  from space 576K,   0% used [0x04ea0000, 0x04ea0000, 0x04f30000)
  to   space 576K,   0% used [0x04f30000, 0x04f30000, 0x04fc0000)
 tenured generation   total 11712K, used 11690K [0x09f50000, 0x0aac0000, 0x14a00000)
   the space 11712K,  99% used [0x09f50000, 0x0aaba970, 0x0aabaa00, 0x0aac0000)
 Metaspace       used 21785K, capacity 22833K, committed 22912K, reserved 22912K
}
Event: 3.057 GC heap before
{Heap before GC invocations=83 (full 7):
 def new generation   total 5312K, used 4736K [0x04a00000, 0x04fc0000, 0x09f50000)
  eden space 4736K, 100% used [0x04a00000, 0x04ea0000, 0x04ea0000)
  from space 576K,   0% used [0x04ea0000, 0x04ea0000, 0x04f30000)
  to   space 576K,   0% used [0x04f30000, 0x04f30000, 0x04fc0000)
 tenured generation   total 11712K, used 11690K [0x09f50000, 0x0aac0000, 0x14a00000)
   the space 11712K,  99% used [0x09f50000, 0x0aaba970, 0x0aabaa00, 0x0aac0000)
 Metaspace       used 21850K, capacity 22885K, committed 22912K, reserved 22912K
Event: 3.095 GC heap after
Heap after GC invocations=84 (full 8):
 def new generation   total 5376K, used 0K [0x04a00000, 0x04fd0000, 0x09f50000)
  eden space 4800K,   0% used [0x04a00000, 0x04a00000, 0x04eb0000)
  from space 576K,   0% used [0x04eb0000, 0x04eb0000, 0x04f40000)
  to   space 576K,   0% used [0x04f40000, 0x04f40000, 0x04fd0000)
 tenured generation   total 11840K, used 11725K [0x09f50000, 0x0aae0000, 0x14a00000)
   the space 11840K,  99% used [0x09f50000, 0x0aac3670, 0x0aac3800, 0x0aae0000)
 Metaspace       used 21848K, capacity 22883K, committed 22912K, reserved 22912K
}
Event: 3.135 GC heap before
{Heap before GC invocations=84 (full 8):
 def new generation   total 5376K, used 4800K [0x04a00000, 0x04fd0000, 0x09f50000)
  eden space 4800K, 100% used [0x04a00000, 0x04eb0000, 0x04eb0000)
  from space 576K,   0% used [0x04eb0000, 0x04eb0000, 0x04f40000)
  to   space 576K,   0% used [0x04f40000, 0x04f40000, 0x04fd0000)
 tenured generation   total 11840K, used 11725K [0x09f50000, 0x0aae0000, 0x14a00000)
   the space 11840K,  99% used [0x09f50000, 0x0aac3670, 0x0aac3800, 0x0aae0000)
 Metaspace       used 21939K, capacity 23001K, committed 23040K, reserved 23936K

