# JRE version: Java(TM) SE Runtime Environment (8.0_65-b17) (build 1.8.0_65-b17)
# Java VM: Java HotSpot(TM) Client VM (25.65-b01 mixed mode windows-x86 )
Heap:
 def new generation   total 4992K, used 1352K [0x05600000, 0x05b60000, 0x0ab50000)
  eden space 4480K,  22% used [0x05600000, 0x056ffad0, 0x05a60000)
  from space 512K,  64% used [0x05a60000, 0x05ab2890, 0x05ae0000)
  to   space 512K,   0% used [0x05ae0000, 0x05ae0000, 0x05b60000)
 tenured generation   total 10944K, used 6974K [0x0ab50000, 0x0b600000, 0x15600000)
   the space 10944K,  63% used [0x0ab50000, 0x0b21fa60, 0x0b21fc00, 0x0b600000)
 Metaspace       used 14309K, capacity 14947K, committed 14976K, reserved 16768K
GC Heap History (10 events):
Event: 1.313 GC heap before
{Heap before GC invocations=43 (full 1):
 def new generation   total 4992K, used 4771K [0x05600000, 0x05b60000, 0x0ab50000)
  eden space 4480K, 100% used [0x05600000, 0x05a60000, 0x05a60000)
  from space 512K,  56% used [0x05ae0000, 0x05b28f28, 0x05b60000)
  to   space 512K,   0% used [0x05a60000, 0x05a60000, 0x05ae0000)
 tenured generation   total 10944K, used 6303K [0x0ab50000, 0x0b600000, 0x15600000)
   the space 10944K,  57% used [0x0ab50000, 0x0b177fb8, 0x0b178000, 0x0b600000)
 Metaspace       used 13592K, capacity 14185K, committed 14208K, reserved 14720K
Event: 1.314 GC heap after
Heap after GC invocations=44 (full 1):
 def new generation   total 4992K, used 511K [0x05600000, 0x05b60000, 0x0ab50000)
  eden space 4480K,   0% used [0x05600000, 0x05600000, 0x05a60000)
  from space 512K,  99% used [0x05a60000, 0x05adfc10, 0x05ae0000)
  to   space 512K,   0% used [0x05ae0000, 0x05ae0000, 0x05b60000)
 tenured generation   total 10944K, used 6474K [0x0ab50000, 0x0b600000, 0x15600000)
   the space 10944K,  59% used [0x0ab50000, 0x0b1a2af8, 0x0b1a2c00, 0x0b600000)
 Metaspace       used 13592K, capacity 14185K, committed 14208K, reserved 14720K
}
Event: 1.324 GC heap before
{Heap before GC invocations=44 (full 1):
 def new generation   total 4992K, used 4991K [0x05600000, 0x05b60000, 0x0ab50000)
  eden space 4480K, 100% used [0x05600000, 0x05a60000, 0x05a60000)
  from space 512K,  99% used [0x05a60000, 0x05adfc10, 0x05ae0000)
  to   space 512K,   0% used [0x05ae0000, 0x05ae0000, 0x05b60000)
 tenured generation   total 10944K, used 6474K [0x0ab50000, 0x0b600000, 0x15600000)
   the space 10944K,  59% used [0x0ab50000, 0x0b1a2af8, 0x0b1a2c00, 0x0b600000)
 Metaspace       used 13802K, capacity 14377K, committed 14464K, reserved 14720K
Event: 1.325 GC heap after
Heap after GC invocations=45 (full 1):
 def new generation   total 4992K, used 187K [0x05600000, 0x05b60000, 0x0ab50000)
  eden space 4480K,   0% used [0x05600000, 0x05600000, 0x05a60000)
  from space 512K,  36% used [0x05ae0000, 0x05b0ef60, 0x05b60000)
  to   space 512K,   0% used [0x05a60000, 0x05a60000, 0x05ae0000)
 tenured generation   total 10944K, used 6761K [0x0ab50000, 0x0b600000, 0x15600000)
   the space 10944K,  61% used [0x0ab50000, 0x0b1ea7b8, 0x0b1ea800, 0x0b600000)
 Metaspace       used 13802K, capacity 14377K, committed 14464K, reserved 14720K
}
Event: 1.333 GC heap before
{Heap before GC invocations=45 (full 1):
 def new generation   total 4992K, used 4667K [0x05600000, 0x05b60000, 0x0ab50000)
  eden space 4480K, 100% used [0x05600000, 0x05a60000, 0x05a60000)
  from space 512K,  36% used [0x05ae0000, 0x05b0ef60, 0x05b60000)
  to   space 512K,   0% used [0x05a60000, 0x05a60000, 0x05ae0000)
 tenured generation   total 10944K, used 6761K [0x0ab50000, 0x0b600000, 0x15600000)
   the space 10944K,  61% used [0x0ab50000, 0x0b1ea7b8, 0x0b1ea800, 0x0b600000)
 Metaspace       used 13947K, capacity 14537K, committed 14592K, reserved 14720K
Event: 1.334 GC heap after
Heap after GC invocations=46 (full 1):
 def new generation   total 4992K, used 415K [0x05600000, 0x05b60000, 0x0ab50000)
  eden space 4480K,   0% used [0x05600000, 0x05600000, 0x05a60000)
  from space 512K,  81% used [0x05a60000, 0x05ac7da8, 0x05ae0000)
  to   space 512K,   0% used [0x05ae0000, 0x05ae0000, 0x05b60000)
 tenured generation   total 10944K, used 6761K [0x0ab50000, 0x0b600000, 0x15600000)
   the space 10944K,  61% used [0x0ab50000, 0x0b1ea7b8, 0x0b1ea800, 0x0b600000)
 Metaspace       used 13947K, capacity 14537K, committed 14592K, reserved 14720K
}
Event: 1.350 GC heap before
{Heap before GC invocations=46 (full 1):
 def new generation   total 4992K, used 4895K [0x05600000, 0x05b60000, 0x0ab50000)
  eden space 4480K, 100% used [0x05600000, 0x05a60000, 0x05a60000)
  from space 512K,  81% used [0x05a60000, 0x05ac7da8, 0x05ae0000)
  to   space 512K,   0% used [0x05ae0000, 0x05ae0000, 0x05b60000)
 tenured generation   total 10944K, used 6761K [0x0ab50000, 0x0b600000, 0x15600000)
   the space 10944K,  61% used [0x0ab50000, 0x0b1ea7b8, 0x0b1ea800, 0x0b600000)
 Metaspace       used 14159K, capacity 14744K, committed 14848K, reserved 15744K
Event: 1.352 GC heap after
Heap after GC invocations=47 (full 1):
 def new generation   total 4992K, used 396K [0x05600000, 0x05b60000, 0x0ab50000)
  eden space 4480K,   0% used [0x05600000, 0x05600000, 0x05a60000)
  from space 512K,  77% used [0x05ae0000, 0x05b43180, 0x05b60000)
  to   space 512K,   0% used [0x05a60000, 0x05a60000, 0x05ae0000)
 tenured generation   total 10944K, used 6889K [0x0ab50000, 0x0b600000, 0x15600000)
   the space 10944K,  62% used [0x0ab50000, 0x0b20a580, 0x0b20a600, 0x0b600000)
 Metaspace       used 14159K, capacity 14744K, committed 14848K, reserved 15744K
}
Event: 1.374 GC heap before
{Heap before GC invocations=47 (full 1):
 def new generation   total 4992K, used 4876K [0x05600000, 0x05b60000, 0x0ab50000)
  eden space 4480K, 100% used [0x05600000, 0x05a60000, 0x05a60000)
  from space 512K,  77% used [0x05ae0000, 0x05b43180, 0x05b60000)
  to   space 512K,   0% used [0x05a60000, 0x05a60000, 0x05ae0000)
 tenured generation   total 10944K, used 6889K [0x0ab50000, 0x0b600000, 0x15600000)
   the space 10944K,  62% used [0x0ab50000, 0x0b20a580, 0x0b20a600, 0x0b600000)
 Metaspace       used 14247K, capacity 14851K, committed 14976K, reserved 16768K
Event: 1.376 GC heap after
Heap after GC invocations=48 (full 1):
 def new generation   total 4992K, used 330K [0x05600000, 0x05b60000, 0x0ab50000)
  eden space 4480K,   0% used [0x05600000, 0x05600000, 0x05a60000)
  from space 512K,  64% used [0x05a60000, 0x05ab2890, 0x05ae0000)
  to   space 512K,   0% used [0x05ae0000, 0x05ae0000, 0x05b60000)
 tenured generation   total 10944K, used 6974K [0x0ab50000, 0x0b600000, 0x15600000)
   the space 10944K,  63% used [0x0ab50000, 0x0b21fa60, 0x0b21fc00, 0x0b600000)
 Metaspace       used 14247K, capacity 14851K, committed 14976K, reserved 16768K
}

